2017-01-07 18:51:53,183  INFO [main] - test.SearchGoogle.main 19 - TestMessage
2017-01-07 18:51:54,293 DEBUG [Forwarding newSession on session null to remote] - org.apache.http.client.protocol.RequestAddCookies.process 122 - CookieSpec selected: default
2017-01-07 18:51:54,331 DEBUG [Forwarding newSession on session null to remote] - org.apache.http.client.protocol.RequestAuthCache.process 76 - Auth cache not set in the context
2017-01-07 18:51:54,333 DEBUG [Forwarding newSession on session null to remote] - org.apache.http.impl.conn.PoolingHttpClientConnectionManager.requestConnection 249 - Connection request: [route: {}->http://localhost:27108][total kept alive: 0; route allocated: 0 of 2000; total allocated: 0 of 2000]
2017-01-07 18:51:54,349 DEBUG [Forwarding newSession on session null to remote] - org.apache.http.impl.conn.PoolingHttpClientConnectionManager.leaseConnection 282 - Connection leased: [id: 0][route: {}->http://localhost:27108][total kept alive: 0; route allocated: 1 of 2000; total allocated: 1 of 2000]
2017-01-07 18:51:54,351 DEBUG [Forwarding newSession on session null to remote] - org.apache.http.impl.execchain.MainClientExec.execute 234 - Opening connection {}->http://localhost:27108
2017-01-07 18:51:54,353 DEBUG [Forwarding newSession on session null to remote] - org.apache.http.impl.conn.DefaultHttpClientConnectionOperator.connect 138 - Connecting to localhost/127.0.0.1:27108
2017-01-07 18:51:54,354 DEBUG [Forwarding newSession on session null to remote] - org.apache.http.impl.conn.DefaultHttpClientConnectionOperator.connect 145 - Connection established 127.0.0.1:60576<->127.0.0.1:27108
2017-01-07 18:51:54,354 DEBUG [Forwarding newSession on session null to remote] - org.apache.http.impl.conn.DefaultManagedHttpClientConnection.setSocketTimeout 90 - http-outgoing-0: set socket timeout to 10800000
2017-01-07 18:51:54,354 DEBUG [Forwarding newSession on session null to remote] - org.apache.http.impl.execchain.MainClientExec.execute 255 - Executing request POST /session HTTP/1.1
2017-01-07 18:51:54,355 DEBUG [Forwarding newSession on session null to remote] - org.apache.http.impl.execchain.MainClientExec.execute 260 - Target auth state: UNCHALLENGED
2017-01-07 18:51:54,355 DEBUG [Forwarding newSession on session null to remote] - org.apache.http.impl.execchain.MainClientExec.execute 266 - Proxy auth state: UNCHALLENGED
2017-01-07 18:51:54,357 DEBUG [Forwarding newSession on session null to remote] - org.apache.http.headers.onRequestSubmitted 135 - http-outgoing-0 >> POST /session HTTP/1.1
2017-01-07 18:51:54,357 DEBUG [Forwarding newSession on session null to remote] - org.apache.http.headers.onRequestSubmitted 138 - http-outgoing-0 >> Content-Type: application/json; charset=utf-8
2017-01-07 18:51:54,357 DEBUG [Forwarding newSession on session null to remote] - org.apache.http.headers.onRequestSubmitted 138 - http-outgoing-0 >> Content-Length: 317
2017-01-07 18:51:54,358 DEBUG [Forwarding newSession on session null to remote] - org.apache.http.headers.onRequestSubmitted 138 - http-outgoing-0 >> Host: localhost:27108
2017-01-07 18:51:54,359 DEBUG [Forwarding newSession on session null to remote] - org.apache.http.headers.onRequestSubmitted 138 - http-outgoing-0 >> Connection: Keep-Alive
2017-01-07 18:51:54,360 DEBUG [Forwarding newSession on session null to remote] - org.apache.http.headers.onRequestSubmitted 138 - http-outgoing-0 >> User-Agent: Apache-HttpClient/4.5.2 (Java/1.8.0_111)
2017-01-07 18:51:54,360 DEBUG [Forwarding newSession on session null to remote] - org.apache.http.headers.onRequestSubmitted 138 - http-outgoing-0 >> Accept-Encoding: gzip,deflate
2017-01-07 18:51:54,360 DEBUG [Forwarding newSession on session null to remote] - org.apache.http.wire.wire 72 - http-outgoing-0 >> "POST /session HTTP/1.1[\r][\n]"
2017-01-07 18:51:54,360 DEBUG [Forwarding newSession on session null to remote] - org.apache.http.wire.wire 72 - http-outgoing-0 >> "Content-Type: application/json; charset=utf-8[\r][\n]"
2017-01-07 18:51:54,361 DEBUG [Forwarding newSession on session null to remote] - org.apache.http.wire.wire 72 - http-outgoing-0 >> "Content-Length: 317[\r][\n]"
2017-01-07 18:51:54,361 DEBUG [Forwarding newSession on session null to remote] - org.apache.http.wire.wire 72 - http-outgoing-0 >> "Host: localhost:27108[\r][\n]"
2017-01-07 18:51:54,361 DEBUG [Forwarding newSession on session null to remote] - org.apache.http.wire.wire 72 - http-outgoing-0 >> "Connection: Keep-Alive[\r][\n]"
2017-01-07 18:51:54,361 DEBUG [Forwarding newSession on session null to remote] - org.apache.http.wire.wire 72 - http-outgoing-0 >> "User-Agent: Apache-HttpClient/4.5.2 (Java/1.8.0_111)[\r][\n]"
2017-01-07 18:51:54,361 DEBUG [Forwarding newSession on session null to remote] - org.apache.http.wire.wire 72 - http-outgoing-0 >> "Accept-Encoding: gzip,deflate[\r][\n]"
2017-01-07 18:51:54,361 DEBUG [Forwarding newSession on session null to remote] - org.apache.http.wire.wire 72 - http-outgoing-0 >> "[\r][\n]"
2017-01-07 18:51:54,362 DEBUG [Forwarding newSession on session null to remote] - org.apache.http.wire.wire 86 - http-outgoing-0 >> "{"capabilities": {"desiredCapabilities": {"browserName":"chrome","chromeOptions":{"args":[],"extensions":[]},"version":"","platform":"ANY"},"requiredCapabilities": {}},"desiredCapabilities": {"browserName":"chrome","chromeOptions":{"args":[],"extensions":[]},"version":"","platform":"ANY"},"requiredCapabilities": {}}"
2017-01-07 18:51:55,179 DEBUG [Forwarding newSession on session null to remote] - org.apache.http.wire.wire 72 - http-outgoing-0 << "HTTP/1.1 200 OK[\r][\n]"
2017-01-07 18:51:56,300 DEBUG [Forwarding newSession on session null to remote] - org.apache.http.wire.wire 72 - http-outgoing-0 << "Content-Length:747[\r][\n]"
2017-01-07 18:51:56,301 DEBUG [Forwarding newSession on session null to remote] - org.apache.http.wire.wire 72 - http-outgoing-0 << "Content-Type:application/json; charset=utf-8[\r][\n]"
2017-01-07 18:51:56,301 DEBUG [Forwarding newSession on session null to remote] - org.apache.http.wire.wire 72 - http-outgoing-0 << "Connection:close[\r][\n]"
2017-01-07 18:51:56,301 DEBUG [Forwarding newSession on session null to remote] - org.apache.http.wire.wire 72 - http-outgoing-0 << "[\r][\n]"
2017-01-07 18:51:56,301 DEBUG [Forwarding newSession on session null to remote] - org.apache.http.wire.wire 86 - http-outgoing-0 << "{"sessionId":"41a08a0f24a87150d3ee7e16aa368373","status":0,"value":{"acceptSslCerts":true,"applicationCacheEnabled":false,"browserConnectionEnabled":false,"browserName":"chrome","chrome":{"chromedriverVersion":"2.27.440175 (9bc1d90b8bfa4dd181fbbf769a5eb5e575574320)","userDataDir":"/tmp/.org.chromium.Chromium.E6ayHk"},"cssSelectorsEnabled":true,"databaseEnabled":false,"handlesAlerts":true,"hasTouchScreen":false,"javascriptEnabled":true,"locationContextEnabled":true,"mobileEmulationEnabled":false,"nativeEvents":true,"networkConnectionEnabled":false,"pageLoadStrategy":"normal","platform":"Linux","rotatable":false,"takesHeapSnapshot":true,"takesScreenshot":true,"unexpectedAlertBehaviour":"","version":"55.0.2883.87","webStorageEnabled":true}}"
2017-01-07 18:52:06,065 DEBUG [Forwarding newSession on session null to remote] - org.apache.http.headers.onResponseReceived 124 - http-outgoing-0 << HTTP/1.1 200 OK
2017-01-07 18:52:06,194 DEBUG [Forwarding newSession on session null to remote] - org.apache.http.headers.onResponseReceived 127 - http-outgoing-0 << Content-Length:747
2017-01-07 18:52:07,389 DEBUG [Forwarding newSession on session null to remote] - org.apache.http.headers.onResponseReceived 127 - http-outgoing-0 << Content-Type:application/json; charset=utf-8
2017-01-07 18:52:07,389 DEBUG [Forwarding newSession on session null to remote] - org.apache.http.headers.onResponseReceived 127 - http-outgoing-0 << Connection:close
2017-01-07 18:52:08,524 DEBUG [Forwarding newSession on session null to remote] - org.apache.http.impl.conn.DefaultManagedHttpClientConnection.close 81 - http-outgoing-0: Close connection
2017-01-07 18:52:08,614 DEBUG [Forwarding newSession on session null to remote] - org.apache.http.impl.execchain.MainClientExec.releaseConnection 103 - Connection discarded
2017-01-07 18:52:08,615 DEBUG [Forwarding newSession on session null to remote] - org.apache.http.impl.conn.PoolingHttpClientConnectionManager.releaseConnection 320 - Connection released: [id: 0][route: {}->http://localhost:27108][total kept alive: 0; route allocated: 0 of 2000; total allocated: 0 of 2000]
2017-01-07 18:52:09,973 DEBUG [Forwarding get on session 41a08a0f24a87150d3ee7e16aa368373 to remote] - org.apache.http.client.protocol.RequestAddCookies.process 122 - CookieSpec selected: default
2017-01-07 18:52:09,974 DEBUG [Forwarding get on session 41a08a0f24a87150d3ee7e16aa368373 to remote] - org.apache.http.client.protocol.RequestAuthCache.process 76 - Auth cache not set in the context
2017-01-07 18:52:09,974 DEBUG [Forwarding get on session 41a08a0f24a87150d3ee7e16aa368373 to remote] - org.apache.http.impl.conn.PoolingHttpClientConnectionManager.requestConnection 249 - Connection request: [route: {}->http://localhost:27108][total kept alive: 0; route allocated: 0 of 2000; total allocated: 0 of 2000]
2017-01-07 18:52:09,975 DEBUG [Forwarding get on session 41a08a0f24a87150d3ee7e16aa368373 to remote] - org.apache.http.impl.conn.PoolingHttpClientConnectionManager.leaseConnection 282 - Connection leased: [id: 1][route: {}->http://localhost:27108][total kept alive: 0; route allocated: 1 of 2000; total allocated: 1 of 2000]
2017-01-07 18:52:09,975 DEBUG [Forwarding get on session 41a08a0f24a87150d3ee7e16aa368373 to remote] - org.apache.http.impl.execchain.MainClientExec.execute 234 - Opening connection {}->http://localhost:27108
2017-01-07 18:52:09,976 DEBUG [Forwarding get on session 41a08a0f24a87150d3ee7e16aa368373 to remote] - org.apache.http.impl.conn.DefaultHttpClientConnectionOperator.connect 138 - Connecting to localhost/127.0.0.1:27108
2017-01-07 18:52:09,976 DEBUG [Forwarding get on session 41a08a0f24a87150d3ee7e16aa368373 to remote] - org.apache.http.impl.conn.DefaultHttpClientConnectionOperator.connect 145 - Connection established 127.0.0.1:60612<->127.0.0.1:27108
2017-01-07 18:52:09,977 DEBUG [Forwarding get on session 41a08a0f24a87150d3ee7e16aa368373 to remote] - org.apache.http.impl.conn.DefaultManagedHttpClientConnection.setSocketTimeout 90 - http-outgoing-1: set socket timeout to 10800000
2017-01-07 18:52:09,977 DEBUG [Forwarding get on session 41a08a0f24a87150d3ee7e16aa368373 to remote] - org.apache.http.impl.execchain.MainClientExec.execute 255 - Executing request POST /session/41a08a0f24a87150d3ee7e16aa368373/url HTTP/1.1
2017-01-07 18:52:09,977 DEBUG [Forwarding get on session 41a08a0f24a87150d3ee7e16aa368373 to remote] - org.apache.http.impl.execchain.MainClientExec.execute 260 - Target auth state: UNCHALLENGED
2017-01-07 18:52:09,978 DEBUG [Forwarding get on session 41a08a0f24a87150d3ee7e16aa368373 to remote] - org.apache.http.impl.execchain.MainClientExec.execute 266 - Proxy auth state: UNCHALLENGED
2017-01-07 18:52:09,978 DEBUG [Forwarding get on session 41a08a0f24a87150d3ee7e16aa368373 to remote] - org.apache.http.headers.onRequestSubmitted 135 - http-outgoing-1 >> POST /session/41a08a0f24a87150d3ee7e16aa368373/url HTTP/1.1
2017-01-07 18:52:09,978 DEBUG [Forwarding get on session 41a08a0f24a87150d3ee7e16aa368373 to remote] - org.apache.http.headers.onRequestSubmitted 138 - http-outgoing-1 >> Content-Type: application/json; charset=utf-8
2017-01-07 18:52:09,978 DEBUG [Forwarding get on session 41a08a0f24a87150d3ee7e16aa368373 to remote] - org.apache.http.headers.onRequestSubmitted 138 - http-outgoing-1 >> Content-Length: 37
2017-01-07 18:52:09,979 DEBUG [Forwarding get on session 41a08a0f24a87150d3ee7e16aa368373 to remote] - org.apache.http.headers.onRequestSubmitted 138 - http-outgoing-1 >> Host: localhost:27108
2017-01-07 18:52:09,979 DEBUG [Forwarding get on session 41a08a0f24a87150d3ee7e16aa368373 to remote] - org.apache.http.headers.onRequestSubmitted 138 - http-outgoing-1 >> Connection: Keep-Alive
2017-01-07 18:52:09,979 DEBUG [Forwarding get on session 41a08a0f24a87150d3ee7e16aa368373 to remote] - org.apache.http.headers.onRequestSubmitted 138 - http-outgoing-1 >> User-Agent: Apache-HttpClient/4.5.2 (Java/1.8.0_111)
2017-01-07 18:52:09,980 DEBUG [Forwarding get on session 41a08a0f24a87150d3ee7e16aa368373 to remote] - org.apache.http.headers.onRequestSubmitted 138 - http-outgoing-1 >> Accept-Encoding: gzip,deflate
2017-01-07 18:52:09,981 DEBUG [Forwarding get on session 41a08a0f24a87150d3ee7e16aa368373 to remote] - org.apache.http.wire.wire 72 - http-outgoing-1 >> "POST /session/41a08a0f24a87150d3ee7e16aa368373/url HTTP/1.1[\r][\n]"
2017-01-07 18:52:09,981 DEBUG [Forwarding get on session 41a08a0f24a87150d3ee7e16aa368373 to remote] - org.apache.http.wire.wire 72 - http-outgoing-1 >> "Content-Type: application/json; charset=utf-8[\r][\n]"
2017-01-07 18:52:09,981 DEBUG [Forwarding get on session 41a08a0f24a87150d3ee7e16aa368373 to remote] - org.apache.http.wire.wire 72 - http-outgoing-1 >> "Content-Length: 37[\r][\n]"
2017-01-07 18:52:09,984 DEBUG [Forwarding get on session 41a08a0f24a87150d3ee7e16aa368373 to remote] - org.apache.http.wire.wire 72 - http-outgoing-1 >> "Host: localhost:27108[\r][\n]"
2017-01-07 18:52:09,984 DEBUG [Forwarding get on session 41a08a0f24a87150d3ee7e16aa368373 to remote] - org.apache.http.wire.wire 72 - http-outgoing-1 >> "Connection: Keep-Alive[\r][\n]"
2017-01-07 18:52:09,984 DEBUG [Forwarding get on session 41a08a0f24a87150d3ee7e16aa368373 to remote] - org.apache.http.wire.wire 72 - http-outgoing-1 >> "User-Agent: Apache-HttpClient/4.5.2 (Java/1.8.0_111)[\r][\n]"
2017-01-07 18:52:09,984 DEBUG [Forwarding get on session 41a08a0f24a87150d3ee7e16aa368373 to remote] - org.apache.http.wire.wire 72 - http-outgoing-1 >> "Accept-Encoding: gzip,deflate[\r][\n]"
2017-01-07 18:52:10,004 DEBUG [Forwarding get on session 41a08a0f24a87150d3ee7e16aa368373 to remote] - org.apache.http.wire.wire 72 - http-outgoing-1 >> "[\r][\n]"
2017-01-07 18:52:10,005 DEBUG [Forwarding get on session 41a08a0f24a87150d3ee7e16aa368373 to remote] - org.apache.http.wire.wire 86 - http-outgoing-1 >> "{"url":"http://www.google.com/xhtml"}"
2017-01-07 18:52:19,005 DEBUG [Forwarding get on session 41a08a0f24a87150d3ee7e16aa368373 to remote] - org.apache.http.wire.wire 72 - http-outgoing-1 << "HTTP/1.1 200 OK[\r][\n]"
2017-01-07 18:52:19,006 DEBUG [Forwarding get on session 41a08a0f24a87150d3ee7e16aa368373 to remote] - org.apache.http.wire.wire 72 - http-outgoing-1 << "Content-Length:72[\r][\n]"
2017-01-07 18:52:19,006 DEBUG [Forwarding get on session 41a08a0f24a87150d3ee7e16aa368373 to remote] - org.apache.http.wire.wire 72 - http-outgoing-1 << "Content-Type:application/json; charset=utf-8[\r][\n]"
2017-01-07 18:52:19,006 DEBUG [Forwarding get on session 41a08a0f24a87150d3ee7e16aa368373 to remote] - org.apache.http.wire.wire 72 - http-outgoing-1 << "Connection:close[\r][\n]"
2017-01-07 18:52:19,006 DEBUG [Forwarding get on session 41a08a0f24a87150d3ee7e16aa368373 to remote] - org.apache.http.wire.wire 72 - http-outgoing-1 << "[\r][\n]"
2017-01-07 18:52:19,006 DEBUG [Forwarding get on session 41a08a0f24a87150d3ee7e16aa368373 to remote] - org.apache.http.wire.wire 86 - http-outgoing-1 << "{"sessionId":"41a08a0f24a87150d3ee7e16aa368373","status":0,"value":null}"
2017-01-07 18:52:19,007 DEBUG [Forwarding get on session 41a08a0f24a87150d3ee7e16aa368373 to remote] - org.apache.http.headers.onResponseReceived 124 - http-outgoing-1 << HTTP/1.1 200 OK
2017-01-07 18:52:19,007 DEBUG [Forwarding get on session 41a08a0f24a87150d3ee7e16aa368373 to remote] - org.apache.http.headers.onResponseReceived 127 - http-outgoing-1 << Content-Length:72
2017-01-07 18:52:19,007 DEBUG [Forwarding get on session 41a08a0f24a87150d3ee7e16aa368373 to remote] - org.apache.http.headers.onResponseReceived 127 - http-outgoing-1 << Content-Type:application/json; charset=utf-8
2017-01-07 18:52:19,007 DEBUG [Forwarding get on session 41a08a0f24a87150d3ee7e16aa368373 to remote] - org.apache.http.headers.onResponseReceived 127 - http-outgoing-1 << Connection:close
2017-01-07 18:52:19,007 DEBUG [Forwarding get on session 41a08a0f24a87150d3ee7e16aa368373 to remote] - org.apache.http.impl.conn.DefaultManagedHttpClientConnection.close 81 - http-outgoing-1: Close connection
2017-01-07 18:52:19,008 DEBUG [Forwarding get on session 41a08a0f24a87150d3ee7e16aa368373 to remote] - org.apache.http.impl.execchain.MainClientExec.releaseConnection 103 - Connection discarded
2017-01-07 18:52:19,008 DEBUG [Forwarding get on session 41a08a0f24a87150d3ee7e16aa368373 to remote] - org.apache.http.impl.conn.PoolingHttpClientConnectionManager.releaseConnection 320 - Connection released: [id: 1][route: {}->http://localhost:27108][total kept alive: 0; route allocated: 0 of 2000; total allocated: 0 of 2000]
2017-01-07 18:52:19,074 DEBUG [Forwarding findElement on session 41a08a0f24a87150d3ee7e16aa368373 to remote] - org.apache.http.client.protocol.RequestAddCookies.process 122 - CookieSpec selected: default
2017-01-07 18:52:19,074 DEBUG [Forwarding findElement on session 41a08a0f24a87150d3ee7e16aa368373 to remote] - org.apache.http.client.protocol.RequestAuthCache.process 76 - Auth cache not set in the context
2017-01-07 18:52:19,074 DEBUG [Forwarding findElement on session 41a08a0f24a87150d3ee7e16aa368373 to remote] - org.apache.http.impl.conn.PoolingHttpClientConnectionManager.requestConnection 249 - Connection request: [route: {}->http://localhost:27108][total kept alive: 0; route allocated: 0 of 2000; total allocated: 0 of 2000]
2017-01-07 18:52:19,075 DEBUG [Forwarding findElement on session 41a08a0f24a87150d3ee7e16aa368373 to remote] - org.apache.http.impl.conn.PoolingHttpClientConnectionManager.leaseConnection 282 - Connection leased: [id: 2][route: {}->http://localhost:27108][total kept alive: 0; route allocated: 1 of 2000; total allocated: 1 of 2000]
2017-01-07 18:52:19,075 DEBUG [Forwarding findElement on session 41a08a0f24a87150d3ee7e16aa368373 to remote] - org.apache.http.impl.execchain.MainClientExec.execute 234 - Opening connection {}->http://localhost:27108
2017-01-07 18:52:19,075 DEBUG [Forwarding findElement on session 41a08a0f24a87150d3ee7e16aa368373 to remote] - org.apache.http.impl.conn.DefaultHttpClientConnectionOperator.connect 138 - Connecting to localhost/127.0.0.1:27108
2017-01-07 18:52:19,076 DEBUG [Forwarding findElement on session 41a08a0f24a87150d3ee7e16aa368373 to remote] - org.apache.http.impl.conn.DefaultHttpClientConnectionOperator.connect 145 - Connection established 127.0.0.1:60634<->127.0.0.1:27108
2017-01-07 18:52:19,076 DEBUG [Forwarding findElement on session 41a08a0f24a87150d3ee7e16aa368373 to remote] - org.apache.http.impl.conn.DefaultManagedHttpClientConnection.setSocketTimeout 90 - http-outgoing-2: set socket timeout to 10800000
2017-01-07 18:52:19,076 DEBUG [Forwarding findElement on session 41a08a0f24a87150d3ee7e16aa368373 to remote] - org.apache.http.impl.execchain.MainClientExec.execute 255 - Executing request POST /session/41a08a0f24a87150d3ee7e16aa368373/element HTTP/1.1
2017-01-07 18:52:19,077 DEBUG [Forwarding findElement on session 41a08a0f24a87150d3ee7e16aa368373 to remote] - org.apache.http.impl.execchain.MainClientExec.execute 260 - Target auth state: UNCHALLENGED
2017-01-07 18:52:19,077 DEBUG [Forwarding findElement on session 41a08a0f24a87150d3ee7e16aa368373 to remote] - org.apache.http.impl.execchain.MainClientExec.execute 266 - Proxy auth state: UNCHALLENGED
2017-01-07 18:52:19,077 DEBUG [Forwarding findElement on session 41a08a0f24a87150d3ee7e16aa368373 to remote] - org.apache.http.headers.onRequestSubmitted 135 - http-outgoing-2 >> POST /session/41a08a0f24a87150d3ee7e16aa368373/element HTTP/1.1
2017-01-07 18:52:19,077 DEBUG [Forwarding findElement on session 41a08a0f24a87150d3ee7e16aa368373 to remote] - org.apache.http.headers.onRequestSubmitted 138 - http-outgoing-2 >> Content-Type: application/json; charset=utf-8
2017-01-07 18:52:19,077 DEBUG [Forwarding findElement on session 41a08a0f24a87150d3ee7e16aa368373 to remote] - org.apache.http.headers.onRequestSubmitted 138 - http-outgoing-2 >> Content-Length: 28
2017-01-07 18:52:19,078 DEBUG [Forwarding findElement on session 41a08a0f24a87150d3ee7e16aa368373 to remote] - org.apache.http.headers.onRequestSubmitted 138 - http-outgoing-2 >> Host: localhost:27108
2017-01-07 18:52:19,078 DEBUG [Forwarding findElement on session 41a08a0f24a87150d3ee7e16aa368373 to remote] - org.apache.http.headers.onRequestSubmitted 138 - http-outgoing-2 >> Connection: Keep-Alive
2017-01-07 18:52:19,078 DEBUG [Forwarding findElement on session 41a08a0f24a87150d3ee7e16aa368373 to remote] - org.apache.http.headers.onRequestSubmitted 138 - http-outgoing-2 >> User-Agent: Apache-HttpClient/4.5.2 (Java/1.8.0_111)
2017-01-07 18:52:19,078 DEBUG [Forwarding findElement on session 41a08a0f24a87150d3ee7e16aa368373 to remote] - org.apache.http.headers.onRequestSubmitted 138 - http-outgoing-2 >> Accept-Encoding: gzip,deflate
2017-01-07 18:52:19,078 DEBUG [Forwarding findElement on session 41a08a0f24a87150d3ee7e16aa368373 to remote] - org.apache.http.wire.wire 72 - http-outgoing-2 >> "POST /session/41a08a0f24a87150d3ee7e16aa368373/element HTTP/1.1[\r][\n]"
2017-01-07 18:52:19,079 DEBUG [Forwarding findElement on session 41a08a0f24a87150d3ee7e16aa368373 to remote] - org.apache.http.wire.wire 72 - http-outgoing-2 >> "Content-Type: application/json; charset=utf-8[\r][\n]"
2017-01-07 18:52:19,079 DEBUG [Forwarding findElement on session 41a08a0f24a87150d3ee7e16aa368373 to remote] - org.apache.http.wire.wire 72 - http-outgoing-2 >> "Content-Length: 28[\r][\n]"
2017-01-07 18:52:19,079 DEBUG [Forwarding findElement on session 41a08a0f24a87150d3ee7e16aa368373 to remote] - org.apache.http.wire.wire 72 - http-outgoing-2 >> "Host: localhost:27108[\r][\n]"
2017-01-07 18:52:19,079 DEBUG [Forwarding findElement on session 41a08a0f24a87150d3ee7e16aa368373 to remote] - org.apache.http.wire.wire 72 - http-outgoing-2 >> "Connection: Keep-Alive[\r][\n]"
2017-01-07 18:52:19,079 DEBUG [Forwarding findElement on session 41a08a0f24a87150d3ee7e16aa368373 to remote] - org.apache.http.wire.wire 72 - http-outgoing-2 >> "User-Agent: Apache-HttpClient/4.5.2 (Java/1.8.0_111)[\r][\n]"
2017-01-07 18:52:19,080 DEBUG [Forwarding findElement on session 41a08a0f24a87150d3ee7e16aa368373 to remote] - org.apache.http.wire.wire 72 - http-outgoing-2 >> "Accept-Encoding: gzip,deflate[\r][\n]"
2017-01-07 18:52:19,080 DEBUG [Forwarding findElement on session 41a08a0f24a87150d3ee7e16aa368373 to remote] - org.apache.http.wire.wire 72 - http-outgoing-2 >> "[\r][\n]"
2017-01-07 18:52:19,080 DEBUG [Forwarding findElement on session 41a08a0f24a87150d3ee7e16aa368373 to remote] - org.apache.http.wire.wire 86 - http-outgoing-2 >> "{"using":"name","value":"q"}"
2017-01-07 18:52:19,138 DEBUG [Forwarding findElement on session 41a08a0f24a87150d3ee7e16aa368373 to remote] - org.apache.http.wire.wire 72 - http-outgoing-2 << "HTTP/1.1 200 OK[\r][\n]"
2017-01-07 18:52:19,138 DEBUG [Forwarding findElement on session 41a08a0f24a87150d3ee7e16aa368373 to remote] - org.apache.http.wire.wire 72 - http-outgoing-2 << "Content-Length:102[\r][\n]"
2017-01-07 18:52:19,139 DEBUG [Forwarding findElement on session 41a08a0f24a87150d3ee7e16aa368373 to remote] - org.apache.http.wire.wire 72 - http-outgoing-2 << "Content-Type:application/json; charset=utf-8[\r][\n]"
2017-01-07 18:52:19,139 DEBUG [Forwarding findElement on session 41a08a0f24a87150d3ee7e16aa368373 to remote] - org.apache.http.wire.wire 72 - http-outgoing-2 << "Connection:close[\r][\n]"
2017-01-07 18:52:19,139 DEBUG [Forwarding findElement on session 41a08a0f24a87150d3ee7e16aa368373 to remote] - org.apache.http.wire.wire 72 - http-outgoing-2 << "[\r][\n]"
2017-01-07 18:52:19,139 DEBUG [Forwarding findElement on session 41a08a0f24a87150d3ee7e16aa368373 to remote] - org.apache.http.wire.wire 86 - http-outgoing-2 << "{"sessionId":"41a08a0f24a87150d3ee7e16aa368373","status":0,"value":{"ELEMENT":"0.6492652462920545-1"}}"
2017-01-07 18:52:19,139 DEBUG [Forwarding findElement on session 41a08a0f24a87150d3ee7e16aa368373 to remote] - org.apache.http.headers.onResponseReceived 124 - http-outgoing-2 << HTTP/1.1 200 OK
2017-01-07 18:52:19,139 DEBUG [Forwarding findElement on session 41a08a0f24a87150d3ee7e16aa368373 to remote] - org.apache.http.headers.onResponseReceived 127 - http-outgoing-2 << Content-Length:102
2017-01-07 18:52:19,139 DEBUG [Forwarding findElement on session 41a08a0f24a87150d3ee7e16aa368373 to remote] - org.apache.http.headers.onResponseReceived 127 - http-outgoing-2 << Content-Type:application/json; charset=utf-8
2017-01-07 18:52:19,139 DEBUG [Forwarding findElement on session 41a08a0f24a87150d3ee7e16aa368373 to remote] - org.apache.http.headers.onResponseReceived 127 - http-outgoing-2 << Connection:close
2017-01-07 18:52:19,140 DEBUG [Forwarding findElement on session 41a08a0f24a87150d3ee7e16aa368373 to remote] - org.apache.http.impl.conn.DefaultManagedHttpClientConnection.close 81 - http-outgoing-2: Close connection
2017-01-07 18:52:19,140 DEBUG [Forwarding findElement on session 41a08a0f24a87150d3ee7e16aa368373 to remote] - org.apache.http.impl.execchain.MainClientExec.releaseConnection 103 - Connection discarded
2017-01-07 18:52:19,140 DEBUG [Forwarding findElement on session 41a08a0f24a87150d3ee7e16aa368373 to remote] - org.apache.http.impl.conn.PoolingHttpClientConnectionManager.releaseConnection 320 - Connection released: [id: 2][route: {}->http://localhost:27108][total kept alive: 0; route allocated: 0 of 2000; total allocated: 0 of 2000]
2017-01-07 18:52:19,177 DEBUG [Forwarding sendKeysToElement on session 41a08a0f24a87150d3ee7e16aa368373 to remote] - org.apache.http.client.protocol.RequestAddCookies.process 122 - CookieSpec selected: default
2017-01-07 18:52:19,177 DEBUG [Forwarding sendKeysToElement on session 41a08a0f24a87150d3ee7e16aa368373 to remote] - org.apache.http.client.protocol.RequestAuthCache.process 76 - Auth cache not set in the context
2017-01-07 18:52:19,177 DEBUG [Forwarding sendKeysToElement on session 41a08a0f24a87150d3ee7e16aa368373 to remote] - org.apache.http.impl.conn.PoolingHttpClientConnectionManager.requestConnection 249 - Connection request: [route: {}->http://localhost:27108][total kept alive: 0; route allocated: 0 of 2000; total allocated: 0 of 2000]
2017-01-07 18:52:19,178 DEBUG [Forwarding sendKeysToElement on session 41a08a0f24a87150d3ee7e16aa368373 to remote] - org.apache.http.impl.conn.PoolingHttpClientConnectionManager.leaseConnection 282 - Connection leased: [id: 3][route: {}->http://localhost:27108][total kept alive: 0; route allocated: 1 of 2000; total allocated: 1 of 2000]
2017-01-07 18:52:19,178 DEBUG [Forwarding sendKeysToElement on session 41a08a0f24a87150d3ee7e16aa368373 to remote] - org.apache.http.impl.execchain.MainClientExec.execute 234 - Opening connection {}->http://localhost:27108
2017-01-07 18:52:19,178 DEBUG [Forwarding sendKeysToElement on session 41a08a0f24a87150d3ee7e16aa368373 to remote] - org.apache.http.impl.conn.DefaultHttpClientConnectionOperator.connect 138 - Connecting to localhost/127.0.0.1:27108
2017-01-07 18:52:19,179 DEBUG [Forwarding sendKeysToElement on session 41a08a0f24a87150d3ee7e16aa368373 to remote] - org.apache.http.impl.conn.DefaultHttpClientConnectionOperator.connect 145 - Connection established 127.0.0.1:60636<->127.0.0.1:27108
2017-01-07 18:52:19,179 DEBUG [Forwarding sendKeysToElement on session 41a08a0f24a87150d3ee7e16aa368373 to remote] - org.apache.http.impl.conn.DefaultManagedHttpClientConnection.setSocketTimeout 90 - http-outgoing-3: set socket timeout to 10800000
2017-01-07 18:52:19,179 DEBUG [Forwarding sendKeysToElement on session 41a08a0f24a87150d3ee7e16aa368373 to remote] - org.apache.http.impl.execchain.MainClientExec.execute 255 - Executing request POST /session/41a08a0f24a87150d3ee7e16aa368373/element/0.6492652462920545-1/value HTTP/1.1
2017-01-07 18:52:19,179 DEBUG [Forwarding sendKeysToElement on session 41a08a0f24a87150d3ee7e16aa368373 to remote] - org.apache.http.impl.execchain.MainClientExec.execute 260 - Target auth state: UNCHALLENGED
2017-01-07 18:52:19,179 DEBUG [Forwarding sendKeysToElement on session 41a08a0f24a87150d3ee7e16aa368373 to remote] - org.apache.http.impl.execchain.MainClientExec.execute 266 - Proxy auth state: UNCHALLENGED
2017-01-07 18:52:19,180 DEBUG [Forwarding sendKeysToElement on session 41a08a0f24a87150d3ee7e16aa368373 to remote] - org.apache.http.headers.onRequestSubmitted 135 - http-outgoing-3 >> POST /session/41a08a0f24a87150d3ee7e16aa368373/element/0.6492652462920545-1/value HTTP/1.1
2017-01-07 18:52:19,180 DEBUG [Forwarding sendKeysToElement on session 41a08a0f24a87150d3ee7e16aa368373 to remote] - org.apache.http.headers.onRequestSubmitted 138 - http-outgoing-3 >> Content-Type: application/json; charset=utf-8
2017-01-07 18:52:19,180 DEBUG [Forwarding sendKeysToElement on session 41a08a0f24a87150d3ee7e16aa368373 to remote] - org.apache.http.headers.onRequestSubmitted 138 - http-outgoing-3 >> Content-Length: 54
2017-01-07 18:52:19,181 DEBUG [Forwarding sendKeysToElement on session 41a08a0f24a87150d3ee7e16aa368373 to remote] - org.apache.http.headers.onRequestSubmitted 138 - http-outgoing-3 >> Host: localhost:27108
2017-01-07 18:52:19,181 DEBUG [Forwarding sendKeysToElement on session 41a08a0f24a87150d3ee7e16aa368373 to remote] - org.apache.http.headers.onRequestSubmitted 138 - http-outgoing-3 >> Connection: Keep-Alive
2017-01-07 18:52:19,181 DEBUG [Forwarding sendKeysToElement on session 41a08a0f24a87150d3ee7e16aa368373 to remote] - org.apache.http.headers.onRequestSubmitted 138 - http-outgoing-3 >> User-Agent: Apache-HttpClient/4.5.2 (Java/1.8.0_111)
2017-01-07 18:52:19,181 DEBUG [Forwarding sendKeysToElement on session 41a08a0f24a87150d3ee7e16aa368373 to remote] - org.apache.http.headers.onRequestSubmitted 138 - http-outgoing-3 >> Accept-Encoding: gzip,deflate
2017-01-07 18:52:19,182 DEBUG [Forwarding sendKeysToElement on session 41a08a0f24a87150d3ee7e16aa368373 to remote] - org.apache.http.wire.wire 72 - http-outgoing-3 >> "POST /session/41a08a0f24a87150d3ee7e16aa368373/element/0.6492652462920545-1/value HTTP/1.1[\r][\n]"
2017-01-07 18:52:19,182 DEBUG [Forwarding sendKeysToElement on session 41a08a0f24a87150d3ee7e16aa368373 to remote] - org.apache.http.wire.wire 72 - http-outgoing-3 >> "Content-Type: application/json; charset=utf-8[\r][\n]"
2017-01-07 18:52:19,182 DEBUG [Forwarding sendKeysToElement on session 41a08a0f24a87150d3ee7e16aa368373 to remote] - org.apache.http.wire.wire 72 - http-outgoing-3 >> "Content-Length: 54[\r][\n]"
2017-01-07 18:52:19,182 DEBUG [Forwarding sendKeysToElement on session 41a08a0f24a87150d3ee7e16aa368373 to remote] - org.apache.http.wire.wire 72 - http-outgoing-3 >> "Host: localhost:27108[\r][\n]"
2017-01-07 18:52:19,182 DEBUG [Forwarding sendKeysToElement on session 41a08a0f24a87150d3ee7e16aa368373 to remote] - org.apache.http.wire.wire 72 - http-outgoing-3 >> "Connection: Keep-Alive[\r][\n]"
2017-01-07 18:52:19,182 DEBUG [Forwarding sendKeysToElement on session 41a08a0f24a87150d3ee7e16aa368373 to remote] - org.apache.http.wire.wire 72 - http-outgoing-3 >> "User-Agent: Apache-HttpClient/4.5.2 (Java/1.8.0_111)[\r][\n]"
2017-01-07 18:52:19,183 DEBUG [Forwarding sendKeysToElement on session 41a08a0f24a87150d3ee7e16aa368373 to remote] - org.apache.http.wire.wire 72 - http-outgoing-3 >> "Accept-Encoding: gzip,deflate[\r][\n]"
2017-01-07 18:52:19,183 DEBUG [Forwarding sendKeysToElement on session 41a08a0f24a87150d3ee7e16aa368373 to remote] - org.apache.http.wire.wire 72 - http-outgoing-3 >> "[\r][\n]"
2017-01-07 18:52:19,183 DEBUG [Forwarding sendKeysToElement on session 41a08a0f24a87150d3ee7e16aa368373 to remote] - org.apache.http.wire.wire 86 - http-outgoing-3 >> "{"id":"0.6492652462920545-1","value":["ChromeDriver"]}"
2017-01-07 18:52:19,475 DEBUG [Forwarding sendKeysToElement on session 41a08a0f24a87150d3ee7e16aa368373 to remote] - org.apache.http.wire.wire 72 - http-outgoing-3 << "HTTP/1.1 200 OK[\r][\n]"
2017-01-07 18:52:19,476 DEBUG [Forwarding sendKeysToElement on session 41a08a0f24a87150d3ee7e16aa368373 to remote] - org.apache.http.wire.wire 72 - http-outgoing-3 << "Content-Length:72[\r][\n]"
2017-01-07 18:52:19,476 DEBUG [Forwarding sendKeysToElement on session 41a08a0f24a87150d3ee7e16aa368373 to remote] - org.apache.http.wire.wire 72 - http-outgoing-3 << "Content-Type:application/json; charset=utf-8[\r][\n]"
2017-01-07 18:52:19,476 DEBUG [Forwarding sendKeysToElement on session 41a08a0f24a87150d3ee7e16aa368373 to remote] - org.apache.http.wire.wire 72 - http-outgoing-3 << "Connection:close[\r][\n]"
2017-01-07 18:52:19,476 DEBUG [Forwarding sendKeysToElement on session 41a08a0f24a87150d3ee7e16aa368373 to remote] - org.apache.http.wire.wire 72 - http-outgoing-3 << "[\r][\n]"
2017-01-07 18:52:19,476 DEBUG [Forwarding sendKeysToElement on session 41a08a0f24a87150d3ee7e16aa368373 to remote] - org.apache.http.wire.wire 86 - http-outgoing-3 << "{"sessionId":"41a08a0f24a87150d3ee7e16aa368373","status":0,"value":null}"
2017-01-07 18:52:19,477 DEBUG [Forwarding sendKeysToElement on session 41a08a0f24a87150d3ee7e16aa368373 to remote] - org.apache.http.headers.onResponseReceived 124 - http-outgoing-3 << HTTP/1.1 200 OK
2017-01-07 18:52:19,477 DEBUG [Forwarding sendKeysToElement on session 41a08a0f24a87150d3ee7e16aa368373 to remote] - org.apache.http.headers.onResponseReceived 127 - http-outgoing-3 << Content-Length:72
2017-01-07 18:52:19,477 DEBUG [Forwarding sendKeysToElement on session 41a08a0f24a87150d3ee7e16aa368373 to remote] - org.apache.http.headers.onResponseReceived 127 - http-outgoing-3 << Content-Type:application/json; charset=utf-8
2017-01-07 18:52:19,477 DEBUG [Forwarding sendKeysToElement on session 41a08a0f24a87150d3ee7e16aa368373 to remote] - org.apache.http.headers.onResponseReceived 127 - http-outgoing-3 << Connection:close
2017-01-07 18:52:19,478 DEBUG [Forwarding sendKeysToElement on session 41a08a0f24a87150d3ee7e16aa368373 to remote] - org.apache.http.impl.conn.DefaultManagedHttpClientConnection.close 81 - http-outgoing-3: Close connection
2017-01-07 18:52:19,478 DEBUG [Forwarding sendKeysToElement on session 41a08a0f24a87150d3ee7e16aa368373 to remote] - org.apache.http.impl.execchain.MainClientExec.releaseConnection 103 - Connection discarded
2017-01-07 18:52:19,478 DEBUG [Forwarding sendKeysToElement on session 41a08a0f24a87150d3ee7e16aa368373 to remote] - org.apache.http.impl.conn.PoolingHttpClientConnectionManager.releaseConnection 320 - Connection released: [id: 3][route: {}->http://localhost:27108][total kept alive: 0; route allocated: 0 of 2000; total allocated: 0 of 2000]
2017-01-07 18:52:20,482 DEBUG [Forwarding submitElement on session 41a08a0f24a87150d3ee7e16aa368373 to remote] - org.apache.http.client.protocol.RequestAddCookies.process 122 - CookieSpec selected: default
2017-01-07 18:52:20,482 DEBUG [Forwarding submitElement on session 41a08a0f24a87150d3ee7e16aa368373 to remote] - org.apache.http.client.protocol.RequestAuthCache.process 76 - Auth cache not set in the context
2017-01-07 18:52:20,483 DEBUG [Forwarding submitElement on session 41a08a0f24a87150d3ee7e16aa368373 to remote] - org.apache.http.impl.conn.PoolingHttpClientConnectionManager.requestConnection 249 - Connection request: [route: {}->http://localhost:27108][total kept alive: 0; route allocated: 0 of 2000; total allocated: 0 of 2000]
2017-01-07 18:52:20,483 DEBUG [Forwarding submitElement on session 41a08a0f24a87150d3ee7e16aa368373 to remote] - org.apache.http.impl.conn.PoolingHttpClientConnectionManager.leaseConnection 282 - Connection leased: [id: 4][route: {}->http://localhost:27108][total kept alive: 0; route allocated: 1 of 2000; total allocated: 1 of 2000]
2017-01-07 18:52:20,483 DEBUG [Forwarding submitElement on session 41a08a0f24a87150d3ee7e16aa368373 to remote] - org.apache.http.impl.execchain.MainClientExec.execute 234 - Opening connection {}->http://localhost:27108
2017-01-07 18:52:20,484 DEBUG [Forwarding submitElement on session 41a08a0f24a87150d3ee7e16aa368373 to remote] - org.apache.http.impl.conn.DefaultHttpClientConnectionOperator.connect 138 - Connecting to localhost/127.0.0.1:27108
2017-01-07 18:52:20,484 DEBUG [Forwarding submitElement on session 41a08a0f24a87150d3ee7e16aa368373 to remote] - org.apache.http.impl.conn.DefaultHttpClientConnectionOperator.connect 145 - Connection established 127.0.0.1:60640<->127.0.0.1:27108
2017-01-07 18:52:20,484 DEBUG [Forwarding submitElement on session 41a08a0f24a87150d3ee7e16aa368373 to remote] - org.apache.http.impl.conn.DefaultManagedHttpClientConnection.setSocketTimeout 90 - http-outgoing-4: set socket timeout to 10800000
2017-01-07 18:52:20,485 DEBUG [Forwarding submitElement on session 41a08a0f24a87150d3ee7e16aa368373 to remote] - org.apache.http.impl.execchain.MainClientExec.execute 255 - Executing request POST /session/41a08a0f24a87150d3ee7e16aa368373/element/0.6492652462920545-1/submit HTTP/1.1
2017-01-07 18:52:20,485 DEBUG [Forwarding submitElement on session 41a08a0f24a87150d3ee7e16aa368373 to remote] - org.apache.http.impl.execchain.MainClientExec.execute 260 - Target auth state: UNCHALLENGED
2017-01-07 18:52:20,485 DEBUG [Forwarding submitElement on session 41a08a0f24a87150d3ee7e16aa368373 to remote] - org.apache.http.impl.execchain.MainClientExec.execute 266 - Proxy auth state: UNCHALLENGED
2017-01-07 18:52:20,485 DEBUG [Forwarding submitElement on session 41a08a0f24a87150d3ee7e16aa368373 to remote] - org.apache.http.headers.onRequestSubmitted 135 - http-outgoing-4 >> POST /session/41a08a0f24a87150d3ee7e16aa368373/element/0.6492652462920545-1/submit HTTP/1.1
2017-01-07 18:52:20,486 DEBUG [Forwarding submitElement on session 41a08a0f24a87150d3ee7e16aa368373 to remote] - org.apache.http.headers.onRequestSubmitted 138 - http-outgoing-4 >> Content-Type: application/json; charset=utf-8
2017-01-07 18:52:20,491 DEBUG [Forwarding submitElement on session 41a08a0f24a87150d3ee7e16aa368373 to remote] - org.apache.http.headers.onRequestSubmitted 138 - http-outgoing-4 >> Content-Length: 29
2017-01-07 18:52:20,491 DEBUG [Forwarding submitElement on session 41a08a0f24a87150d3ee7e16aa368373 to remote] - org.apache.http.headers.onRequestSubmitted 138 - http-outgoing-4 >> Host: localhost:27108
2017-01-07 18:52:20,491 DEBUG [Forwarding submitElement on session 41a08a0f24a87150d3ee7e16aa368373 to remote] - org.apache.http.headers.onRequestSubmitted 138 - http-outgoing-4 >> Connection: Keep-Alive
2017-01-07 18:52:20,492 DEBUG [Forwarding submitElement on session 41a08a0f24a87150d3ee7e16aa368373 to remote] - org.apache.http.headers.onRequestSubmitted 138 - http-outgoing-4 >> User-Agent: Apache-HttpClient/4.5.2 (Java/1.8.0_111)
2017-01-07 18:52:20,495 DEBUG [Forwarding submitElement on session 41a08a0f24a87150d3ee7e16aa368373 to remote] - org.apache.http.headers.onRequestSubmitted 138 - http-outgoing-4 >> Accept-Encoding: gzip,deflate
2017-01-07 18:52:20,496 DEBUG [Forwarding submitElement on session 41a08a0f24a87150d3ee7e16aa368373 to remote] - org.apache.http.wire.wire 72 - http-outgoing-4 >> "POST /session/41a08a0f24a87150d3ee7e16aa368373/element/0.6492652462920545-1/submit HTTP/1.1[\r][\n]"
2017-01-07 18:52:20,497 DEBUG [Forwarding submitElement on session 41a08a0f24a87150d3ee7e16aa368373 to remote] - org.apache.http.wire.wire 72 - http-outgoing-4 >> "Content-Type: application/json; charset=utf-8[\r][\n]"
2017-01-07 18:52:20,497 DEBUG [Forwarding submitElement on session 41a08a0f24a87150d3ee7e16aa368373 to remote] - org.apache.http.wire.wire 72 - http-outgoing-4 >> "Content-Length: 29[\r][\n]"
2017-01-07 18:52:20,497 DEBUG [Forwarding submitElement on session 41a08a0f24a87150d3ee7e16aa368373 to remote] - org.apache.http.wire.wire 72 - http-outgoing-4 >> "Host: localhost:27108[\r][\n]"
2017-01-07 18:52:20,498 DEBUG [Forwarding submitElement on session 41a08a0f24a87150d3ee7e16aa368373 to remote] - org.apache.http.wire.wire 72 - http-outgoing-4 >> "Connection: Keep-Alive[\r][\n]"
2017-01-07 18:52:20,498 DEBUG [Forwarding submitElement on session 41a08a0f24a87150d3ee7e16aa368373 to remote] - org.apache.http.wire.wire 72 - http-outgoing-4 >> "User-Agent: Apache-HttpClient/4.5.2 (Java/1.8.0_111)[\r][\n]"
2017-01-07 18:52:20,498 DEBUG [Forwarding submitElement on session 41a08a0f24a87150d3ee7e16aa368373 to remote] - org.apache.http.wire.wire 72 - http-outgoing-4 >> "Accept-Encoding: gzip,deflate[\r][\n]"
2017-01-07 18:52:20,498 DEBUG [Forwarding submitElement on session 41a08a0f24a87150d3ee7e16aa368373 to remote] - org.apache.http.wire.wire 72 - http-outgoing-4 >> "[\r][\n]"
2017-01-07 18:52:20,498 DEBUG [Forwarding submitElement on session 41a08a0f24a87150d3ee7e16aa368373 to remote] - org.apache.http.wire.wire 86 - http-outgoing-4 >> "{"id":"0.6492652462920545-1"}"
2017-01-07 18:52:20,607 DEBUG [Forwarding submitElement on session 41a08a0f24a87150d3ee7e16aa368373 to remote] - org.apache.http.wire.wire 72 - http-outgoing-4 << "HTTP/1.1 200 OK[\r][\n]"
2017-01-07 18:52:20,608 DEBUG [Forwarding submitElement on session 41a08a0f24a87150d3ee7e16aa368373 to remote] - org.apache.http.wire.wire 72 - http-outgoing-4 << "Content-Length:72[\r][\n]"
2017-01-07 18:52:20,608 DEBUG [Forwarding submitElement on session 41a08a0f24a87150d3ee7e16aa368373 to remote] - org.apache.http.wire.wire 72 - http-outgoing-4 << "Content-Type:application/json; charset=utf-8[\r][\n]"
2017-01-07 18:52:20,609 DEBUG [Forwarding submitElement on session 41a08a0f24a87150d3ee7e16aa368373 to remote] - org.apache.http.wire.wire 72 - http-outgoing-4 << "Connection:close[\r][\n]"
2017-01-07 18:52:20,609 DEBUG [Forwarding submitElement on session 41a08a0f24a87150d3ee7e16aa368373 to remote] - org.apache.http.wire.wire 72 - http-outgoing-4 << "[\r][\n]"
2017-01-07 18:52:20,609 DEBUG [Forwarding submitElement on session 41a08a0f24a87150d3ee7e16aa368373 to remote] - org.apache.http.wire.wire 86 - http-outgoing-4 << "{"sessionId":"41a08a0f24a87150d3ee7e16aa368373","status":0,"value":null}"
2017-01-07 18:52:20,609 DEBUG [Forwarding submitElement on session 41a08a0f24a87150d3ee7e16aa368373 to remote] - org.apache.http.headers.onResponseReceived 124 - http-outgoing-4 << HTTP/1.1 200 OK
2017-01-07 18:52:20,609 DEBUG [Forwarding submitElement on session 41a08a0f24a87150d3ee7e16aa368373 to remote] - org.apache.http.headers.onResponseReceived 127 - http-outgoing-4 << Content-Length:72
2017-01-07 18:52:20,609 DEBUG [Forwarding submitElement on session 41a08a0f24a87150d3ee7e16aa368373 to remote] - org.apache.http.headers.onResponseReceived 127 - http-outgoing-4 << Content-Type:application/json; charset=utf-8
2017-01-07 18:52:20,610 DEBUG [Forwarding submitElement on session 41a08a0f24a87150d3ee7e16aa368373 to remote] - org.apache.http.headers.onResponseReceived 127 - http-outgoing-4 << Connection:close
2017-01-07 18:52:20,610 DEBUG [Forwarding submitElement on session 41a08a0f24a87150d3ee7e16aa368373 to remote] - org.apache.http.impl.conn.DefaultManagedHttpClientConnection.close 81 - http-outgoing-4: Close connection
2017-01-07 18:52:20,610 DEBUG [Forwarding submitElement on session 41a08a0f24a87150d3ee7e16aa368373 to remote] - org.apache.http.impl.execchain.MainClientExec.releaseConnection 103 - Connection discarded
2017-01-07 18:52:20,610 DEBUG [Forwarding submitElement on session 41a08a0f24a87150d3ee7e16aa368373 to remote] - org.apache.http.impl.conn.PoolingHttpClientConnectionManager.releaseConnection 320 - Connection released: [id: 4][route: {}->http://localhost:27108][total kept alive: 0; route allocated: 0 of 2000; total allocated: 0 of 2000]
2017-01-07 18:52:25,628 DEBUG [Forwarding quit on session 41a08a0f24a87150d3ee7e16aa368373 to remote] - org.apache.http.client.protocol.RequestAddCookies.process 122 - CookieSpec selected: default
2017-01-07 18:52:25,628 DEBUG [Forwarding quit on session 41a08a0f24a87150d3ee7e16aa368373 to remote] - org.apache.http.client.protocol.RequestAuthCache.process 76 - Auth cache not set in the context
2017-01-07 18:52:25,628 DEBUG [Forwarding quit on session 41a08a0f24a87150d3ee7e16aa368373 to remote] - org.apache.http.impl.conn.PoolingHttpClientConnectionManager.requestConnection 249 - Connection request: [route: {}->http://localhost:27108][total kept alive: 0; route allocated: 0 of 2000; total allocated: 0 of 2000]
2017-01-07 18:52:25,628 DEBUG [Forwarding quit on session 41a08a0f24a87150d3ee7e16aa368373 to remote] - org.apache.http.impl.conn.PoolingHttpClientConnectionManager.leaseConnection 282 - Connection leased: [id: 5][route: {}->http://localhost:27108][total kept alive: 0; route allocated: 1 of 2000; total allocated: 1 of 2000]
2017-01-07 18:52:25,629 DEBUG [Forwarding quit on session 41a08a0f24a87150d3ee7e16aa368373 to remote] - org.apache.http.impl.execchain.MainClientExec.execute 234 - Opening connection {}->http://localhost:27108
2017-01-07 18:52:25,676 DEBUG [Forwarding quit on session 41a08a0f24a87150d3ee7e16aa368373 to remote] - org.apache.http.impl.conn.DefaultHttpClientConnectionOperator.connect 138 - Connecting to localhost/127.0.0.1:27108
2017-01-07 18:52:25,676 DEBUG [Forwarding quit on session 41a08a0f24a87150d3ee7e16aa368373 to remote] - org.apache.http.impl.conn.DefaultHttpClientConnectionOperator.connect 145 - Connection established 127.0.0.1:60642<->127.0.0.1:27108
2017-01-07 18:52:25,676 DEBUG [Forwarding quit on session 41a08a0f24a87150d3ee7e16aa368373 to remote] - org.apache.http.impl.conn.DefaultManagedHttpClientConnection.setSocketTimeout 90 - http-outgoing-5: set socket timeout to 10800000
2017-01-07 18:52:25,676 DEBUG [Forwarding quit on session 41a08a0f24a87150d3ee7e16aa368373 to remote] - org.apache.http.impl.execchain.MainClientExec.execute 255 - Executing request DELETE /session/41a08a0f24a87150d3ee7e16aa368373 HTTP/1.1
2017-01-07 18:52:25,676 DEBUG [Forwarding quit on session 41a08a0f24a87150d3ee7e16aa368373 to remote] - org.apache.http.impl.execchain.MainClientExec.execute 260 - Target auth state: UNCHALLENGED
2017-01-07 18:52:25,676 DEBUG [Forwarding quit on session 41a08a0f24a87150d3ee7e16aa368373 to remote] - org.apache.http.impl.execchain.MainClientExec.execute 266 - Proxy auth state: UNCHALLENGED
2017-01-07 18:52:25,677 DEBUG [Forwarding quit on session 41a08a0f24a87150d3ee7e16aa368373 to remote] - org.apache.http.headers.onRequestSubmitted 135 - http-outgoing-5 >> DELETE /session/41a08a0f24a87150d3ee7e16aa368373 HTTP/1.1
2017-01-07 18:52:25,677 DEBUG [Forwarding quit on session 41a08a0f24a87150d3ee7e16aa368373 to remote] - org.apache.http.headers.onRequestSubmitted 138 - http-outgoing-5 >> Host: localhost:27108
2017-01-07 18:52:25,677 DEBUG [Forwarding quit on session 41a08a0f24a87150d3ee7e16aa368373 to remote] - org.apache.http.headers.onRequestSubmitted 138 - http-outgoing-5 >> Connection: Keep-Alive
2017-01-07 18:52:25,677 DEBUG [Forwarding quit on session 41a08a0f24a87150d3ee7e16aa368373 to remote] - org.apache.http.headers.onRequestSubmitted 138 - http-outgoing-5 >> User-Agent: Apache-HttpClient/4.5.2 (Java/1.8.0_111)
2017-01-07 18:52:25,677 DEBUG [Forwarding quit on session 41a08a0f24a87150d3ee7e16aa368373 to remote] - org.apache.http.headers.onRequestSubmitted 138 - http-outgoing-5 >> Accept-Encoding: gzip,deflate
2017-01-07 18:52:25,677 DEBUG [Forwarding quit on session 41a08a0f24a87150d3ee7e16aa368373 to remote] - org.apache.http.wire.wire 72 - http-outgoing-5 >> "DELETE /session/41a08a0f24a87150d3ee7e16aa368373 HTTP/1.1[\r][\n]"
2017-01-07 18:52:25,678 DEBUG [Forwarding quit on session 41a08a0f24a87150d3ee7e16aa368373 to remote] - org.apache.http.wire.wire 72 - http-outgoing-5 >> "Host: localhost:27108[\r][\n]"
2017-01-07 18:52:25,678 DEBUG [Forwarding quit on session 41a08a0f24a87150d3ee7e16aa368373 to remote] - org.apache.http.wire.wire 72 - http-outgoing-5 >> "Connection: Keep-Alive[\r][\n]"
2017-01-07 18:52:25,678 DEBUG [Forwarding quit on session 41a08a0f24a87150d3ee7e16aa368373 to remote] - org.apache.http.wire.wire 72 - http-outgoing-5 >> "User-Agent: Apache-HttpClient/4.5.2 (Java/1.8.0_111)[\r][\n]"
2017-01-07 18:52:25,678 DEBUG [Forwarding quit on session 41a08a0f24a87150d3ee7e16aa368373 to remote] - org.apache.http.wire.wire 72 - http-outgoing-5 >> "Accept-Encoding: gzip,deflate[\r][\n]"
2017-01-07 18:52:25,678 DEBUG [Forwarding quit on session 41a08a0f24a87150d3ee7e16aa368373 to remote] - org.apache.http.wire.wire 72 - http-outgoing-5 >> "[\r][\n]"
2017-01-07 18:52:25,729 DEBUG [Forwarding quit on session 41a08a0f24a87150d3ee7e16aa368373 to remote] - org.apache.http.wire.wire 72 - http-outgoing-5 << "HTTP/1.1 200 OK[\r][\n]"
2017-01-07 18:52:25,730 DEBUG [Forwarding quit on session 41a08a0f24a87150d3ee7e16aa368373 to remote] - org.apache.http.wire.wire 72 - http-outgoing-5 << "Content-Length:72[\r][\n]"
2017-01-07 18:52:25,730 DEBUG [Forwarding quit on session 41a08a0f24a87150d3ee7e16aa368373 to remote] - org.apache.http.wire.wire 72 - http-outgoing-5 << "Content-Type:application/json; charset=utf-8[\r][\n]"
2017-01-07 18:52:25,730 DEBUG [Forwarding quit on session 41a08a0f24a87150d3ee7e16aa368373 to remote] - org.apache.http.wire.wire 72 - http-outgoing-5 << "Connection:close[\r][\n]"
2017-01-07 18:52:25,730 DEBUG [Forwarding quit on session 41a08a0f24a87150d3ee7e16aa368373 to remote] - org.apache.http.wire.wire 72 - http-outgoing-5 << "[\r][\n]"
2017-01-07 18:52:25,730 DEBUG [Forwarding quit on session 41a08a0f24a87150d3ee7e16aa368373 to remote] - org.apache.http.wire.wire 86 - http-outgoing-5 << "{"sessionId":"41a08a0f24a87150d3ee7e16aa368373","status":0,"value":null}"
2017-01-07 18:52:25,730 DEBUG [Forwarding quit on session 41a08a0f24a87150d3ee7e16aa368373 to remote] - org.apache.http.headers.onResponseReceived 124 - http-outgoing-5 << HTTP/1.1 200 OK
2017-01-07 18:52:25,730 DEBUG [Forwarding quit on session 41a08a0f24a87150d3ee7e16aa368373 to remote] - org.apache.http.headers.onResponseReceived 127 - http-outgoing-5 << Content-Length:72
2017-01-07 18:52:25,731 DEBUG [Forwarding quit on session 41a08a0f24a87150d3ee7e16aa368373 to remote] - org.apache.http.headers.onResponseReceived 127 - http-outgoing-5 << Content-Type:application/json; charset=utf-8
2017-01-07 18:52:25,731 DEBUG [Forwarding quit on session 41a08a0f24a87150d3ee7e16aa368373 to remote] - org.apache.http.headers.onResponseReceived 127 - http-outgoing-5 << Connection:close
2017-01-07 18:52:25,731 DEBUG [Forwarding quit on session 41a08a0f24a87150d3ee7e16aa368373 to remote] - org.apache.http.impl.conn.DefaultManagedHttpClientConnection.close 81 - http-outgoing-5: Close connection
2017-01-07 18:52:25,731 DEBUG [Forwarding quit on session 41a08a0f24a87150d3ee7e16aa368373 to remote] - org.apache.http.impl.execchain.MainClientExec.releaseConnection 103 - Connection discarded
2017-01-07 18:52:25,731 DEBUG [Forwarding quit on session 41a08a0f24a87150d3ee7e16aa368373 to remote] - org.apache.http.impl.conn.PoolingHttpClientConnectionManager.releaseConnection 320 - Connection released: [id: 5][route: {}->http://localhost:27108][total kept alive: 0; route allocated: 0 of 2000; total allocated: 0 of 2000]
2017-01-07 18:52:25,815 DEBUG [Forwarding quit on session 41a08a0f24a87150d3ee7e16aa368373 to remote] - org.apache.http.impl.conn.PoolingHttpClientConnectionManager.closeIdleConnections 401 - Closing connections idle longer than 0 SECONDS
2017-01-07 18:54:15,302  INFO [main] - test.SearchGoogle.main 19 - TestMessage
